<?xml version="1.0" encoding="UTF-8"?>
<!-- Generated by org.testng.reporters.JUnitReportReporter -->
<testsuite hostname="PNVD012" failures="0" tests="3" name="selenium.webdriver1.Testauto" time="0.124" errors="0" timestamp="2022-01-06T19:54:07 ICT" skipped="0">
  <testcase classname="selenium.webdriver1.Testauto" name="TC_02_ValidatePageTitle" time="0.011"/>
  <system-out/>
  <testcase classname="selenium.webdriver1.Testauto" name="TC_01_ValidateCurrentUrl" time="0.027"/>
  <system-out/>
  <testcase classname="selenium.webdriver1.Testauto" name="TC_03_LoginFormDisplayed" time="0.086"/>
  <system-out/>
</testsuite> <!-- selenium.webdriver1.Testauto -->
